2021-06-13 17:36:57,300 ----------------------------------------------------------------------------------------------------
2021-06-13 17:36:57,302 Model: "Lemmatization(
  (embeddings): FlairEmbeddings(
    (lm): LanguageModel(
      (drop): Dropout(p=0.1, inplace=False)
      (encoder): Embedding(11854, 100)
      (rnn): LSTM(100, 2048)
      (decoder): Linear(in_features=2048, out_features=11854, bias=True)
    )
  )
  (embedding_dropout): Dropout(p=0.1, inplace=False)
  (encoder): GRU(2048, 128, num_layers=2, dropout=0.1, bidirectional=True)
  (decoder): GRU(2048, 128, num_layers=2, dropout=0.1)
  (concat): Linear(in_features=256, out_features=128, bias=True)
  (out): Linear(in_features=128, out_features=563, bias=True)
)"
2021-06-13 17:36:57,303 ----------------------------------------------------------------------------------------------------
2021-06-13 17:36:57,304 Corpus: "MultiCorpus: 143270 train + 17339 dev + 16516 test sentences
 - UD_ENGLISH Corpus: 12543 train + 2001 dev + 2077 test sentences
 - UD_GERMAN Corpus: 13814 train + 799 dev + 977 test sentences
 - UD_FRENCH Corpus: 14449 train + 1476 dev + 416 test sentences
 - UD_SPANISH Corpus: 14187 train + 1400 dev + 426 test sentences
 - UD_HINDI Corpus: 13304 train + 1659 dev + 1684 test sentences
 - UD_CZECH Corpus: 68495 train + 9270 dev + 10148 test sentences
 - UD_SLOVENIAN Corpus: 6478 train + 734 dev + 788 test sentences"
2021-06-13 17:36:57,305 ----------------------------------------------------------------------------------------------------
2021-06-13 17:36:57,305 Parameters:
2021-06-13 17:36:57,306  - learning_rate: "0.05"
2021-06-13 17:36:57,306  - mini_batch_size: "32"
2021-06-13 17:36:57,307  - patience: "3"
2021-06-13 17:36:57,308  - anneal_factor: "0.5"
2021-06-13 17:36:57,308  - max_epochs: "3"
2021-06-13 17:36:57,309  - shuffle: "True"
2021-06-13 17:36:57,309  - train_with_dev: "False"
2021-06-13 17:36:57,311  - batch_growth_annealing: "False"
2021-06-13 17:36:57,312 ----------------------------------------------------------------------------------------------------
2021-06-13 17:36:57,312 Model training base path: "multi_without_pos"
2021-06-13 17:36:57,313 ----------------------------------------------------------------------------------------------------
2021-06-13 17:36:57,313 Device: cuda:0
2021-06-13 17:36:57,314 ----------------------------------------------------------------------------------------------------
2021-06-13 17:36:57,314 Embeddings storage mode: cpu
2021-06-13 17:36:57,320 ----------------------------------------------------------------------------------------------------
2021-06-13 18:06:48,984 epoch 1 - iter 447/4478 - loss 4.45494527 - samples/sec: 7.98 - lr: 0.050000
2021-06-13 18:58:03,513 epoch 1 - iter 894/4478 - loss 3.11087838 - samples/sec: 4.65 - lr: 0.050000
2021-06-13 19:44:19,076 epoch 1 - iter 1341/4478 - loss 2.58544940 - samples/sec: 5.15 - lr: 0.050000
2021-06-13 20:28:49,418 epoch 1 - iter 1788/4478 - loss 2.28298618 - samples/sec: 5.36 - lr: 0.050000
2021-06-13 21:00:59,628 epoch 1 - iter 2235/4478 - loss 2.22520694 - samples/sec: 7.42 - lr: 0.050000
2021-06-13 21:33:57,136 epoch 1 - iter 2682/4478 - loss 2.11517331 - samples/sec: 7.29 - lr: 0.050000
2021-06-13 22:08:33,170 epoch 1 - iter 3129/4478 - loss 1.99712779 - samples/sec: 6.94 - lr: 0.050000
2021-06-13 22:43:58,412 epoch 1 - iter 3576/4478 - loss 1.90513432 - samples/sec: 6.78 - lr: 0.050000
2021-06-13 23:17:43,369 epoch 1 - iter 4023/4478 - loss 1.86420889 - samples/sec: 7.16 - lr: 0.050000
2021-06-13 23:36:53,910 epoch 1 - iter 4470/4478 - loss 1.88695609 - samples/sec: 12.56 - lr: 0.050000
2021-06-13 23:37:08,456 ----------------------------------------------------------------------------------------------------
2021-06-13 23:37:08,457 EPOCH 1 done: loss 1.8862 - lr 0.0500000
2021-06-14 00:12:44,772 DEV : loss 1.3765075206756592 - score 0.9572
2021-06-14 00:13:19,330 BAD EPOCHS (no improvement): 0
2021-06-14 00:13:25,599 ----------------------------------------------------------------------------------------------------
2021-06-14 00:30:07,916 epoch 2 - iter 447/4478 - loss 2.37976791 - samples/sec: 14.41 - lr: 0.050000
2021-06-14 00:47:12,361 epoch 2 - iter 894/4478 - loss 2.19454103 - samples/sec: 14.25 - lr: 0.050000
2021-06-14 01:04:00,147 epoch 2 - iter 1341/4478 - loss 2.17137674 - samples/sec: 14.32 - lr: 0.050000
2021-06-14 01:20:48,999 epoch 2 - iter 1788/4478 - loss 2.10586579 - samples/sec: 14.31 - lr: 0.050000
2021-06-14 01:37:28,138 epoch 2 - iter 2235/4478 - loss 2.08580233 - samples/sec: 14.45 - lr: 0.050000
2021-06-14 01:54:31,945 epoch 2 - iter 2682/4478 - loss 2.08924415 - samples/sec: 14.26 - lr: 0.050000
2021-06-14 02:13:49,553 epoch 2 - iter 3129/4478 - loss 2.14150085 - samples/sec: 12.46 - lr: 0.050000
2021-06-14 02:33:05,277 epoch 2 - iter 3576/4478 - loss 2.11268264 - samples/sec: 12.48 - lr: 0.050000
2021-06-14 02:51:21,775 epoch 2 - iter 4023/4478 - loss 2.13910599 - samples/sec: 13.30 - lr: 0.050000
2021-06-14 03:07:58,782 epoch 2 - iter 4470/4478 - loss 2.15324821 - samples/sec: 14.48 - lr: 0.050000
2021-06-14 03:08:15,844 ----------------------------------------------------------------------------------------------------
2021-06-14 03:08:15,845 EPOCH 2 done: loss 2.1531 - lr 0.0500000
2021-06-14 03:43:26,385 DEV : loss 1.1972053050994873 - score 0.9721
2021-06-14 03:44:02,469 BAD EPOCHS (no improvement): 0
2021-06-14 03:44:06,577 ----------------------------------------------------------------------------------------------------
2021-06-14 04:03:42,371 epoch 3 - iter 447/4478 - loss 1.91118550 - samples/sec: 12.41 - lr: 0.050000
2021-06-14 04:22:58,074 epoch 3 - iter 894/4478 - loss 1.78090597 - samples/sec: 12.48 - lr: 0.050000
2021-06-14 04:42:21,496 epoch 3 - iter 1341/4478 - loss 1.83315353 - samples/sec: 12.40 - lr: 0.050000
2021-06-14 05:02:10,053 epoch 3 - iter 1788/4478 - loss 1.85011036 - samples/sec: 12.28 - lr: 0.050000
2021-06-14 05:20:07,687 epoch 3 - iter 2235/4478 - loss 1.88935905 - samples/sec: 13.39 - lr: 0.050000
2021-06-14 05:36:48,883 epoch 3 - iter 2682/4478 - loss 1.88979304 - samples/sec: 14.42 - lr: 0.050000
2021-06-14 05:53:24,554 epoch 3 - iter 3129/4478 - loss 1.87077528 - samples/sec: 14.50 - lr: 0.050000
2021-06-14 06:10:04,671 epoch 3 - iter 3576/4478 - loss 1.88067587 - samples/sec: 14.61 - lr: 0.050000
2021-06-14 06:26:32,197 epoch 3 - iter 4023/4478 - loss 1.88900500 - samples/sec: 14.62 - lr: 0.050000
2021-06-14 06:43:04,681 epoch 3 - iter 4470/4478 - loss 1.96349582 - samples/sec: 14.55 - lr: 0.050000
2021-06-14 06:43:21,743 ----------------------------------------------------------------------------------------------------
2021-06-14 06:43:21,744 EPOCH 3 done: loss 1.9634 - lr 0.0500000
2021-06-14 07:17:36,317 DEV : loss 1.1210761070251465 - score 0.9715
2021-06-14 07:18:11,028 BAD EPOCHS (no improvement): 1
2021-06-14 07:18:14,213 ----------------------------------------------------------------------------------------------------
2021-06-14 07:18:14,214 Testing using best model ...
2021-06-14 07:18:14,215 loading file multi_without_pos/best-model.pt
2021-06-14 07:50:14,853 0.9697	1.0000	0.9846
2021-06-14 07:50:14,854 
Results:
- Accuracy 0.9697107998035069

By class:

2021-06-14 07:50:14,855 ----------------------------------------------------------------------------------------------------
2021-06-14 07:50:14,855 ----------------------------------------------------------------------------------------------------
2021-06-14 07:56:26,257 /vol/fob-vol7/mi19/chenlei/.flair/datasets/ud_english
2021-06-14 07:56:26,258 0.9547	1.0000	0.9768
2021-06-14 07:56:26,258 ----------------------------------------------------------------------------------------------------
2021-06-14 07:58:46,384 /vol/fob-vol7/mi19/chenlei/.flair/datasets/ud_german
2021-06-14 07:58:46,386 0.9526	1.0000	0.9757
2021-06-14 07:58:46,386 ----------------------------------------------------------------------------------------------------
2021-06-14 07:59:44,176 /vol/fob-vol7/mi19/chenlei/.flair/datasets/ud_french
2021-06-14 07:59:44,177 0.9678	1.0000	0.9837
2021-06-14 07:59:44,177 ----------------------------------------------------------------------------------------------------
2021-06-14 08:00:49,860 /vol/fob-vol7/mi19/chenlei/.flair/datasets/ud_spanish
2021-06-14 08:00:49,862 0.9725	1.0000	0.9861
2021-06-14 08:00:49,862 ----------------------------------------------------------------------------------------------------
2021-06-14 08:03:30,284 /vol/fob-vol7/mi19/chenlei/.flair/datasets/ud_hindi
2021-06-14 08:03:30,285 0.9592	1.0000	0.9792
2021-06-14 08:03:30,285 ----------------------------------------------------------------------------------------------------
2021-06-14 08:22:54,182 /vol/fob-vol7/mi19/chenlei/.flair/datasets/ud_czech
2021-06-14 08:22:54,183 0.9782	1.0000	0.9890
2021-06-14 08:22:54,183 ----------------------------------------------------------------------------------------------------
2021-06-14 08:24:20,842 /vol/fob-vol7/mi19/chenlei/.flair/datasets/ud_slovenian
2021-06-14 08:24:20,844 0.9369	1.0000	0.9674
